0 info it worked if it ends with ok
1 verbose cli [ 'C:\\Program Files\\nodejs\\node.exe',
1 verbose cli   'C:\\Users\\Sai Kiran\\AppData\\Roaming\\npm\\node_modules\\npm\\bin\\npm-cli.js',
1 verbose cli   'start' ]
2 info using npm@3.8.8
3 info using node@v4.4.3
4 verbose run-script [ 'prestart', 'start', 'poststart' ]
5 info lifecycle mean-todo-app@1.0.0~prestart: mean-todo-app@1.0.0
6 silly lifecycle mean-todo-app@1.0.0~prestart: no script for prestart, continuing
7 info lifecycle mean-todo-app@1.0.0~start: mean-todo-app@1.0.0
8 verbose lifecycle mean-todo-app@1.0.0~start: unsafe-perm in lifecycle true
9 verbose lifecycle mean-todo-app@1.0.0~start: PATH: C:\Users\Sai Kiran\AppData\Roaming\npm\node_modules\npm\bin\node-gyp-bin;C:\Users\Sai Kiran\Desktop\GITHUB\MEAN\todo-mean-app\node_modules\.bin;C:\Program Files\nodejs;C:\ProgramData\Oracle\Java\javapath;C:\Python27\;C:\Python27\Scripts;C:\Windows\system32;C:\Windows;C:\Windows\System32\Wbem;C:\Windows\System32\WindowsPowerShell\v1.0\;C:\Program Files\Intel\WiFi\bin\;C:\Program Files\Common Files\Intel\WirelessCommon\;C:\Program Files (x86)\NVIDIA Corporation\PhysX\Common;C:\WINDOWS\system32;C:\WINDOWS;C:\WINDOWS\System32\Wbem;C:\WINDOWS\System32\WindowsPowerShell\v1.0\;C:\Program Files\Microsoft SQL Server\110\Tools\Binn\;C:\Program Files\Git\cmd;C:\Program Files\OpenVPN\bin;C:\Program Files (x86)\Heroku\bin;C:\Program Files (x86)\git\cmd;C:\Program Files (x86)\Git\cmd;C:\Program Files\nodejs\;C:\Program Files\cURL\bin;%SUBLIMETEXT%;C:\Program Files\Microsoft SQL Server\120\Tools\Binn\;C:\Program Files\Microsoft SQL Server\Client SDK\ODBC\110\Tools\Binn\;C:\Program Files (x86)\Microsoft SQL Server\120\Tools\Binn\;C:\Program Files\Microsoft SQL Server\120\DTS\Binn\;C:\Program Files (x86)\Microsoft SQL Server\120\Tools\Binn\ManagementStudio\;C:\Program Files (x86)\Microsoft SQL Server\120\DTS\Binn\;C:\Program Files (x86)\Windows Kits\8.1\Windows Performance Toolkit\;C:\RailsInstaller\Git\cmd;C:\RailsInstaller\Ruby2.2.0\bin;C:\Users\Sai Kiran\AppData\Local\Programs\Python\Python35-32\Scripts\;C:\Users\Sai Kiran\AppData\Local\Programs\Python\Python35-32\;C:\Program Files\Intel\WiFi\bin\;C:\Program Files\Common Files\Intel\WirelessCommon\;C:\Users\Sai Kiran\AppData\Roaming\npm;C:\Program Files\Sublime Text 3;C:\Program Files (x86)\Nmap;C:\Users\Sai Kiran\AppData\Local\atom\bin;C:\Program Files\Java\jdk1.8.0_91\bin;C:\Program Files\Java\jre1.8.0_91\bin;C:\Program Files\Sublime Text 3;C:\Program Files\Sublime Text 3
10 verbose lifecycle mean-todo-app@1.0.0~start: CWD: C:\Users\Sai Kiran\Desktop\GITHUB\MEAN\todo-mean-app
11 silly lifecycle mean-todo-app@1.0.0~start: Args: [ '/d /s /c', 'NODE_PATH=$NODE_PATH:./src node server' ]
12 silly lifecycle mean-todo-app@1.0.0~start: Returned: code: 1  signal: null
13 info lifecycle mean-todo-app@1.0.0~start: Failed to exec start script
14 verbose stack Error: mean-todo-app@1.0.0 start: `NODE_PATH=$NODE_PATH:./src node server`
14 verbose stack Exit status 1
14 verbose stack     at EventEmitter.<anonymous> (C:\Users\Sai Kiran\AppData\Roaming\npm\node_modules\npm\lib\utils\lifecycle.js:244:16)
14 verbose stack     at emitTwo (events.js:87:13)
14 verbose stack     at EventEmitter.emit (events.js:172:7)
14 verbose stack     at ChildProcess.<anonymous> (C:\Users\Sai Kiran\AppData\Roaming\npm\node_modules\npm\lib\utils\spawn.js:24:14)
14 verbose stack     at emitTwo (events.js:87:13)
14 verbose stack     at ChildProcess.emit (events.js:172:7)
14 verbose stack     at maybeClose (internal/child_process.js:827:16)
14 verbose stack     at Process.ChildProcess._handle.onexit (internal/child_process.js:211:5)
15 verbose pkgid mean-todo-app@1.0.0
16 verbose cwd C:\Users\Sai Kiran\Desktop\GITHUB\MEAN\todo-mean-app
17 error Windows_NT 10.0.10586
18 error argv "C:\\Program Files\\nodejs\\node.exe" "C:\\Users\\Sai Kiran\\AppData\\Roaming\\npm\\node_modules\\npm\\bin\\npm-cli.js" "start"
19 error node v4.4.3
20 error npm  v3.8.8
21 error code ELIFECYCLE
22 error mean-todo-app@1.0.0 start: `NODE_PATH=$NODE_PATH:./src node server`
22 error Exit status 1
23 error Failed at the mean-todo-app@1.0.0 start script 'NODE_PATH=$NODE_PATH:./src node server'.
23 error Make sure you have the latest version of node.js and npm installed.
23 error If you do, this is most likely a problem with the mean-todo-app package,
23 error not with npm itself.
23 error Tell the author that this fails on your system:
23 error     NODE_PATH=$NODE_PATH:./src node server
23 error You can get information on how to open an issue for this project with:
23 error     npm bugs mean-todo-app
23 error Or if that isn't available, you can get their info via:
23 error     npm owner ls mean-todo-app
23 error There is likely additional logging output above.
24 verbose exit [ 1, true ]
